<?xml version="1.0" encoding="UTF-8"?>
<testsuite name="MinesweeperTest" tests="1" skipped="0" failures="0" errors="0" timestamp="2021-11-20T15:12:24" hostname="DESKTOP-4RO72QM" time="0.289">
  <properties/>
  <testcase name="start" classname="MinesweeperTest" time="0.289"/>
  <system-out><![CDATA[?[1;31m
Start test 1?[0m
......X..
....X....
....X....
.......X.
......X..
...X.....
........X
......X..
........X
]]></system-out>
  <system-err><![CDATA[]]></system-err>
</testsuite>
